Flow report for vga_vs
Mon Dec  2 18:47:50 2024
Quartus II 64-Bit Version 15.0.2 Build 153 07/15/2015 SJ Web Edition


---------------------
; Table of Contents ;
---------------------
  1. Legal Notice
  2. Flow Summary
  3. Flow Settings
  4. Flow Non-Default Global Settings
  5. Flow Elapsed Time
  6. Flow OS Summary
  7. Flow Log
  8. Flow Messages
  9. Flow Suppressed Messages



----------------
; Legal Notice ;
----------------
Copyright (C) 1991-2015 Altera Corporation. All rights reserved.
Your use of Altera Corporation's design tools, logic functions 
and other software and tools, and its AMPP partner logic 
functions, and any output files from any of the foregoing 
(including device programming or simulation files), and any 
associated documentation or information are expressly subject 
to the terms and conditions of the Altera Program License 
Subscription Agreement, the Altera Quartus II License Agreement,
the Altera MegaCore Function License Agreement, or other 
applicable license agreement, including, without limitation, 
that your use is for the sole purpose of programming logic 
devices manufactured by Altera and sold by Altera or its 
authorized distributors.  Please refer to the applicable 
agreement for further details.



+---------------------------------------------------------------------------------+
; Flow Summary                                                                    ;
+------------------------------------+--------------------------------------------+
; Flow Status                        ; Successful - Mon Dec  2 18:47:50 2024      ;
; Quartus II 64-Bit Version          ; 15.0.2 Build 153 07/15/2015 SJ Web Edition ;
; Revision Name                      ; vga_vs                                     ;
; Top-level Entity Name              ; top                                        ;
; Family                             ; Cyclone IV E                               ;
; Device                             ; EP4CE115F29C7                              ;
; Timing Models                      ; Final                                      ;
; Total logic elements               ; 2,636 / 114,480 ( 2 % )                    ;
;     Total combinational functions  ; 2,633 / 114,480 ( 2 % )                    ;
;     Dedicated logic registers      ; 95 / 114,480 ( < 1 % )                     ;
; Total registers                    ; 95                                         ;
; Total pins                         ; 36 / 529 ( 7 % )                           ;
; Total virtual pins                 ; 0                                          ;
; Total memory bits                  ; 0 / 3,981,312 ( 0 % )                      ;
; Embedded Multiplier 9-bit elements ; 0 / 532 ( 0 % )                            ;
; Total PLLs                         ; 0 / 4 ( 0 % )                              ;
+------------------------------------+--------------------------------------------+


+-----------------------------------------+
; Flow Settings                           ;
+-------------------+---------------------+
; Option            ; Setting             ;
+-------------------+---------------------+
; Start date & time ; 12/02/2024 18:41:09 ;
; Main task         ; Compilation         ;
; Revision Name     ; vga_vs              ;
+-------------------+---------------------+


+-------------------------------------------------------------------------------------------------------------+
; Flow Non-Default Global Settings                                                                            ;
+-------------------------------------+------------------------+---------------+-------------+----------------+
; Assignment Name                     ; Value                  ; Default Value ; Entity Name ; Section Id     ;
+-------------------------------------+------------------------+---------------+-------------+----------------+
; COMPILER_SIGNATURE_ID               ; 0.173318286965508      ; --            ; --          ; --             ;
; EDA_OUTPUT_DATA_FORMAT              ; Vhdl                   ; --            ; --          ; eda_simulation ;
; EDA_SIMULATION_TOOL                 ; ModelSim-Altera (VHDL) ; <None>        ; --          ; --             ;
; MAX_CORE_JUNCTION_TEMP              ; 85                     ; --            ; --          ; --             ;
; MIN_CORE_JUNCTION_TEMP              ; 0                      ; --            ; --          ; --             ;
; NOMINAL_CORE_SUPPLY_VOLTAGE         ; 1.2V                   ; --            ; --          ; --             ;
; PARTITION_COLOR                     ; 16764057               ; --            ; top         ; Top            ;
; PARTITION_FITTER_PRESERVATION_LEVEL ; PLACEMENT_AND_ROUTING  ; --            ; top         ; Top            ;
; PARTITION_NETLIST_TYPE              ; SOURCE                 ; --            ; top         ; Top            ;
; PROJECT_OUTPUT_DIRECTORY            ; output_files           ; --            ; --          ; --             ;
; TOP_LEVEL_ENTITY                    ; top                    ; vga_vs        ; --          ; --             ;
+-------------------------------------+------------------------+---------------+-------------+----------------+


+-------------------------------------------------------------------------------------------------------------------------------+
; Flow Elapsed Time                                                                                                             ;
+---------------------------+--------------+-------------------------+---------------------+------------------------------------+
; Module Name               ; Elapsed Time ; Average Processors Used ; Peak Virtual Memory ; Total CPU Time (on all processors) ;
+---------------------------+--------------+-------------------------+---------------------+------------------------------------+
; Analysis & Synthesis      ; 00:00:16     ; 1.0                     ; 975 MB              ; 00:00:29                           ;
; Fitter                    ; 00:00:30     ; 1.0                     ; 1292 MB             ; 00:00:30                           ;
; Assembler                 ; 00:00:03     ; 1.0                     ; 846 MB              ; 00:00:03                           ;
; TimeQuest Timing Analyzer ; 00:00:06     ; 1.0                     ; 981 MB              ; 00:00:06                           ;
; EDA Netlist Writer        ; 00:00:02     ; 1.0                     ; 1106 MB             ; 00:00:02                           ;
; EDA Netlist Writer        ; 00:00:00     ; 1.0                     ; 1083 MB             ; 00:00:00                           ;
; EDA Netlist Writer        ; 00:00:00     ; 1.0                     ; 1090 MB             ; 00:00:01                           ;
; EDA Netlist Writer        ; 00:00:00     ; 1.0                     ; 1083 MB             ; 00:00:00                           ;
; EDA Netlist Writer        ; 00:00:00     ; 1.0                     ; 1091 MB             ; 00:00:01                           ;
; EDA Netlist Writer        ; 00:00:01     ; 1.0                     ; 1083 MB             ; 00:00:00                           ;
; EDA Netlist Writer        ; 00:00:01     ; 1.0                     ; 1090 MB             ; 00:00:01                           ;
; EDA Netlist Writer        ; 00:00:01     ; 1.0                     ; 1083 MB             ; 00:00:00                           ;
; EDA Netlist Writer        ; 00:00:01     ; 1.0                     ; 1090 MB             ; 00:00:01                           ;
; EDA Netlist Writer        ; 00:00:01     ; 1.0                     ; 1083 MB             ; 00:00:00                           ;
; EDA Netlist Writer        ; 00:00:01     ; 1.0                     ; 1091 MB             ; 00:00:01                           ;
; EDA Netlist Writer        ; 00:00:00     ; 1.0                     ; 1083 MB             ; 00:00:00                           ;
; EDA Netlist Writer        ; 00:00:00     ; 1.0                     ; 1091 MB             ; 00:00:01                           ;
; Total                     ; 00:01:03     ; --                      ; --                  ; 00:01:16                           ;
+---------------------------+--------------+-------------------------+---------------------+------------------------------------+


+---------------------------------------------------------------------------------------------+
; Flow OS Summary                                                                             ;
+---------------------------+------------------+----------------+------------+----------------+
; Module Name               ; Machine Hostname ; OS Name        ; OS Version ; Processor type ;
+---------------------------+------------------+----------------+------------+----------------+
; Analysis & Synthesis      ; ece43            ; Ubuntu 20.04.2 ; 20         ; x86_64         ;
; Fitter                    ; ece43            ; Ubuntu 20.04.2 ; 20         ; x86_64         ;
; Assembler                 ; ece43            ; Ubuntu 20.04.2 ; 20         ; x86_64         ;
; TimeQuest Timing Analyzer ; ece43            ; Ubuntu 20.04.2 ; 20         ; x86_64         ;
; EDA Netlist Writer        ; ece43            ; Ubuntu 20.04.2 ; 20         ; x86_64         ;
; EDA Netlist Writer        ; ece43            ; Ubuntu 20.04.2 ; 20         ; x86_64         ;
; EDA Netlist Writer        ; ece43            ; Ubuntu 20.04.2 ; 20         ; x86_64         ;
; EDA Netlist Writer        ; ece43            ; Ubuntu 20.04.2 ; 20         ; x86_64         ;
; EDA Netlist Writer        ; ece43            ; Ubuntu 20.04.2 ; 20         ; x86_64         ;
; EDA Netlist Writer        ; ece43            ; Ubuntu 20.04.2 ; 20         ; x86_64         ;
; EDA Netlist Writer        ; ece43            ; Ubuntu 20.04.2 ; 20         ; x86_64         ;
; EDA Netlist Writer        ; ece43            ; Ubuntu 20.04.2 ; 20         ; x86_64         ;
; EDA Netlist Writer        ; ece43            ; Ubuntu 20.04.2 ; 20         ; x86_64         ;
; EDA Netlist Writer        ; ece43            ; Ubuntu 20.04.2 ; 20         ; x86_64         ;
; EDA Netlist Writer        ; ece43            ; Ubuntu 20.04.2 ; 20         ; x86_64         ;
; EDA Netlist Writer        ; ece43            ; Ubuntu 20.04.2 ; 20         ; x86_64         ;
; EDA Netlist Writer        ; ece43            ; Ubuntu 20.04.2 ; 20         ; x86_64         ;
+---------------------------+------------------+----------------+------------+----------------+


------------
; Flow Log ;
------------
quartus_map --read_settings_files=on --write_settings_files=off vga_vs -c vga_vs
quartus_fit --read_settings_files=off --write_settings_files=off vga_vs -c vga_vs
quartus_asm --read_settings_files=off --write_settings_files=off vga_vs -c vga_vs
quartus_sta vga_vs -c vga_vs
quartus_eda --read_settings_files=off --write_settings_files=off vga_vs -c vga_vs
quartus_eda --gen_testbench --check_outputs=on --tool=modelsim_oem --format=verilog --write_settings_files=off vga_vs -c vga_vs --vector_source=/home/user/DigitalSystemDesignLab/vga_vs/Waveform.vwf --testbench_file=/home/user/DigitalSystemDesignLab/vga_vs/simulation/qsim/Waveform.vwf.vt
quartus_eda --write_settings_files=off --functional=on --flatten_buses=off --simulation=on --tool=modelsim_oem --format=verilog --output_directory=/home/user/DigitalSystemDesignLab/vga_vs/simulation/qsim/ vga_vs -c vga_vs
quartus_eda --gen_testbench --check_outputs=on --tool=modelsim_oem --format=verilog --write_settings_files=off vga_vs -c vga_vs --vector_source=/home/user/DigitalSystemDesignLab/vga_vs/Waveform.vwf --testbench_file=/home/user/DigitalSystemDesignLab/vga_vs/simulation/qsim/Waveform.vwf.vt
quartus_eda --write_settings_files=off --functional=on --flatten_buses=off --simulation=on --tool=modelsim_oem --format=verilog --output_directory=/home/user/DigitalSystemDesignLab/vga_vs/simulation/qsim/ vga_vs -c vga_vs
quartus_eda --gen_testbench --check_outputs=on --tool=modelsim_oem --format=verilog --write_settings_files=off vga_vs -c vga_vs --vector_source=/home/user/DigitalSystemDesignLab/vga_vs/Waveform.vwf --testbench_file=/home/user/DigitalSystemDesignLab/vga_vs/simulation/qsim/Waveform.vwf.vt
quartus_eda --write_settings_files=off --functional=on --flatten_buses=off --simulation=on --tool=modelsim_oem --format=verilog --output_directory=/home/user/DigitalSystemDesignLab/vga_vs/simulation/qsim/ vga_vs -c vga_vs
quartus_eda --gen_testbench --check_outputs=on --tool=modelsim_oem --format=verilog --write_settings_files=off vga_vs -c vga_vs --vector_source=/home/user/DigitalSystemDesignLab/vga_vs/Waveform.vwf --testbench_file=/home/user/DigitalSystemDesignLab/vga_vs/simulation/qsim/Waveform.vwf.vt
quartus_eda --write_settings_files=off --functional=on --flatten_buses=off --simulation=on --tool=modelsim_oem --format=verilog --output_directory=/home/user/DigitalSystemDesignLab/vga_vs/simulation/qsim/ vga_vs -c vga_vs
quartus_eda --gen_testbench --check_outputs=on --tool=modelsim_oem --format=verilog --write_settings_files=off vga_vs -c vga_vs --vector_source=/home/user/DigitalSystemDesignLab/vga_vs/Waveform.vwf --testbench_file=/home/user/DigitalSystemDesignLab/vga_vs/simulation/qsim/Waveform.vwf.vt
quartus_eda --write_settings_files=off --functional=on --flatten_buses=off --simulation=on --tool=modelsim_oem --format=verilog --output_directory=/home/user/DigitalSystemDesignLab/vga_vs/simulation/qsim/ vga_vs -c vga_vs
quartus_eda --gen_testbench --check_outputs=on --tool=modelsim_oem --format=verilog --write_settings_files=off vga_vs -c vga_vs --vector_source=/home/user/DigitalSystemDesignLab/vga_vs/Waveform.vwf --testbench_file=/home/user/DigitalSystemDesignLab/vga_vs/simulation/qsim/Waveform.vwf.vt
quartus_eda --write_settings_files=off --functional=on --flatten_buses=off --simulation=on --tool=modelsim_oem --format=verilog --output_directory=/home/user/DigitalSystemDesignLab/vga_vs/simulation/qsim/ vga_vs -c vga_vs



